# JRE version: OpenJDK Runtime Environment Temurin-17.0.10+7 (17.0.10+7) (build 17.0.10+7)
# Java VM: OpenJDK 64-Bit Server VM Temurin-17.0.10+7 (17.0.10+7, mixed mode, emulated-client, tiered, compressed oops, compressed class ptrs, g1 gc, windows-amd64)
GC Precious Log:
 CPUs: 8 total, 8 available
 Memory: 16259M
 Large Page Support: Disabled
 NUMA Support: Disabled
 Compressed Oops: Enabled (32-bit)
 Heap Region Size: 1M
 Heap Min Capacity: 8M
 Heap Initial Capacity: 256M
 Heap Max Capacity: 1G
 Pre-touch: Disabled
 Parallel Workers: 8
 Concurrent Workers: 2
 Concurrent Refinement Workers: 8
 Periodic GC: Disabled
Heap:
 garbage-first heap   total 81920K, used 24247K [0x00000000c0000000, 0x0000000100000000)
  region size 1024K, 1 young (1024K), 0 survivors (0K)
 Metaspace       used 38871K, committed 39424K, reserved 1114112K
  class space    used 5122K, committed 5376K, reserved 1048576K
GC Heap History (20 events):
Event: 33517.517 GC heap before
{Heap before GC invocations=362 (full 354):
 garbage-first heap   total 81920K, used 24247K [0x00000000c0000000, 0x0000000100000000)
  region size 1024K, 1 young (1024K), 0 survivors (0K)
 Metaspace       used 38871K, committed 39424K, reserved 1114112K
  class space    used 5122K, committed 5376K, reserved 1048576K
}
Event: 33517.538 GC heap after
{Heap after GC invocations=363 (full 355):
 garbage-first heap   total 81920K, used 24247K [0x00000000c0000000, 0x0000000100000000)
  region size 1024K, 0 young (0K), 0 survivors (0K)
 Metaspace       used 38871K, committed 39424K, reserved 1114112K
  class space    used 5122K, committed 5376K, reserved 1048576K
}
Event: 33527.812 GC heap before
{Heap before GC invocations=363 (full 355):
 garbage-first heap   total 81920K, used 24247K [0x00000000c0000000, 0x0000000100000000)
  region size 1024K, 1 young (1024K), 0 survivors (0K)
 Metaspace       used 38871K, committed 39424K, reserved 1114112K
  class space    used 5122K, committed 5376K, reserved 1048576K
}
Event: 33527.839 GC heap after
{Heap after GC invocations=364 (full 356):
 garbage-first heap   total 81920K, used 24247K [0x00000000c0000000, 0x0000000100000000)
  region size 1024K, 0 young (0K), 0 survivors (0K)
 Metaspace       used 38871K, committed 39424K, reserved 1114112K
  class space    used 5122K, committed 5376K, reserved 1048576K
}
Event: 33538.092 GC heap before
{Heap before GC invocations=364 (full 356):
 garbage-first heap   total 81920K, used 24247K [0x00000000c0000000, 0x0000000100000000)
  region size 1024K, 1 young (1024K), 0 survivors (0K)
 Metaspace       used 38871K, committed 39424K, reserved 1114112K
  class space    used 5122K, committed 5376K, reserved 1048576K
}
Event: 33538.119 GC heap after
{Heap after GC invocations=365 (full 357):
 garbage-first heap   total 81920K, used 24247K [0x00000000c0000000, 0x0000000100000000)
  region size 1024K, 0 young (0K), 0 survivors (0K)
 Metaspace       used 38871K, committed 39424K, reserved 1114112K
  class space    used 5122K, committed 5376K, reserved 1048576K
}
Event: 33548.393 GC heap before
{Heap before GC invocations=365 (full 357):
 garbage-first heap   total 81920K, used 24247K [0x00000000c0000000, 0x0000000100000000)
  region size 1024K, 1 young (1024K), 0 survivors (0K)
 Metaspace       used 38871K, committed 39424K, reserved 1114112K
  class space    used 5122K, committed 5376K, reserved 1048576K
}
Event: 33548.418 GC heap after
{Heap after GC invocations=366 (full 358):
 garbage-first heap   total 81920K, used 24247K [0x00000000c0000000, 0x0000000100000000)
  region size 1024K, 0 young (0K), 0 survivors (0K)
 Metaspace       used 38871K, committed 39424K, reserved 1114112K
  class space    used 5122K, committed 5376K, reserved 1048576K
}
Event: 33558.687 GC heap before
{Heap before GC invocations=366 (full 358):
 garbage-first heap   total 81920K, used 24247K [0x00000000c0000000, 0x0000000100000000)
  region size 1024K, 1 young (1024K), 0 survivors (0K)
 Metaspace       used 38871K, committed 39424K, reserved 1114112K
  class space    used 5122K, committed 5376K, reserved 1048576K
}
Event: 33558.708 GC heap after
{Heap after GC invocations=367 (full 359):
 garbage-first heap   total 81920K, used 24247K [0x00000000c0000000, 0x0000000100000000)
  region size 1024K, 0 young (0K), 0 survivors (0K)
 Metaspace       used 38871K, committed 39424K, reserved 1114112K
  class space    used 5122K, committed 5376K, reserved 1048576K
}
Event: 33569.131 GC heap before
{Heap before GC invocations=367 (full 359):
 garbage-first heap   total 81920K, used 24247K [0x00000000c0000000, 0x0000000100000000)
  region size 1024K, 1 young (1024K), 0 survivors (0K)
 Metaspace       used 38871K, committed 39424K, reserved 1114112K
  class space    used 5122K, committed 5376K, reserved 1048576K
}
Event: 33569.159 GC heap after
{Heap after GC invocations=368 (full 360):
 garbage-first heap   total 81920K, used 24247K [0x00000000c0000000, 0x0000000100000000)
  region size 1024K, 0 young (0K), 0 survivors (0K)
 Metaspace       used 38871K, committed 39424K, reserved 1114112K
  class space    used 5122K, committed 5376K, reserved 1048576K
}
Event: 33579.488 GC heap before
{Heap before GC invocations=368 (full 360):
 garbage-first heap   total 81920K, used 24247K [0x00000000c0000000, 0x0000000100000000)
  region size 1024K, 1 young (1024K), 0 survivors (0K)
 Metaspace       used 38871K, committed 39424K, reserved 1114112K
  class space    used 5122K, committed 5376K, reserved 1048576K
}
Event: 33579.513 GC heap after
{Heap after GC invocations=369 (full 361):
 garbage-first heap   total 81920K, used 24247K [0x00000000c0000000, 0x0000000100000000)
  region size 1024K, 0 young (0K), 0 survivors (0K)
 Metaspace       used 38871K, committed 39424K, reserved 1114112K
  class space    used 5122K, committed 5376K, reserved 1048576K
}
Event: 33589.786 GC heap before
{Heap before GC invocations=369 (full 361):
 garbage-first heap   total 81920K, used 24247K [0x00000000c0000000, 0x0000000100000000)
  region size 1024K, 1 young (1024K), 0 survivors (0K)
 Metaspace       used 38871K, committed 39424K, reserved 1114112K
  class space    used 5122K, committed 5376K, reserved 1048576K
}
Event: 33589.809 GC heap after
{Heap after GC invocations=370 (full 362):
 garbage-first heap   total 81920K, used 24247K [0x00000000c0000000, 0x0000000100000000)
  region size 1024K, 0 young (0K), 0 survivors (0K)
 Metaspace       used 38871K, committed 39424K, reserved 1114112K
  class space    used 5122K, committed 5376K, reserved 1048576K
}
Event: 33600.055 GC heap before
{Heap before GC invocations=370 (full 362):
 garbage-first heap   total 81920K, used 24247K [0x00000000c0000000, 0x0000000100000000)
  region size 1024K, 1 young (1024K), 0 survivors (0K)
 Metaspace       used 38871K, committed 39424K, reserved 1114112K
  class space    used 5122K, committed 5376K, reserved 1048576K
}
Event: 33600.076 GC heap after
{Heap after GC invocations=371 (full 363):
 garbage-first heap   total 81920K, used 24247K [0x00000000c0000000, 0x0000000100000000)
  region size 1024K, 0 young (0K), 0 survivors (0K)
 Metaspace       used 38871K, committed 39424K, reserved 1114112K
  class space    used 5122K, committed 5376K, reserved 1048576K
}
Event: 33610.393 GC heap before
{Heap before GC invocations=371 (full 363):
 garbage-first heap   total 81920K, used 24247K [0x00000000c0000000, 0x0000000100000000)
  region size 1024K, 1 young (1024K), 0 survivors (0K)
 Metaspace       used 38871K, committed 39424K, reserved 1114112K
  class space    used 5122K, committed 5376K, reserved 1048576K
}
Event: 33610.419 GC heap after
{Heap after GC invocations=372 (full 364):
 garbage-first heap   total 81920K, used 24247K [0x00000000c0000000, 0x0000000100000000)
  region size 1024K, 0 young (0K), 0 survivors (0K)
 Metaspace       used 38871K, committed 39424K, reserved 1114112K
  class space    used 5122K, committed 5376K, reserved 1048576K
}

